0 verbose cli /Users/spartan/SJSU/MachineLearning/A1/local_node/bin/node /Users/spartan/SJSU/MachineLearning/A1/local_node/bin/npm
1 info using npm@10.2.3
2 info using node@v20.10.0
3 timing npm:load:whichnode Completed in 0ms
4 timing config:load:defaults Completed in 1ms
5 timing config:load:file:/Users/spartan/SJSU/MachineLearning/A1/local_node/lib/node_modules/npm/npmrc Completed in 1ms
6 timing config:load:builtin Completed in 1ms
7 timing config:load:cli Completed in 2ms
8 timing config:load:env Completed in 1ms
9 timing config:load:file:/Users/spartan/SJSU/MachineLearning/A1/zen-tasks/web/.npmrc Completed in 0ms
10 timing config:load:project Completed in 3ms
11 timing config:load:file:/Users/spartan/.npmrc Completed in 0ms
12 timing config:load:user Completed in 0ms
13 timing config:load:file:/Users/spartan/SJSU/MachineLearning/A1/local_node/etc/npmrc Completed in 0ms
14 timing config:load:global Completed in 0ms
15 timing config:load:setEnvs Completed in 1ms
16 timing config:load Completed in 9ms
17 timing npm:load:configload Completed in 9ms
18 timing config:load:flatten Completed in 1ms
19 timing npm:load:mkdirpcache Completed in 3ms
20 timing npm:load:mkdirplogs Completed in 1ms
21 verbose title npm create vite@latest . --template react-ts
22 verbose argv "create" "vite@latest" "." "--" "--template" "react-ts"
23 timing npm:load:setTitle Completed in 9ms
24 timing npm:load:display Completed in 0ms
25 verbose logfile logs-max:10 dir:/Users/spartan/SJSU/MachineLearning/A1/.npm-cache/_logs/2026-02-11T00_01_00_684Z-
26 verbose logfile /Users/spartan/SJSU/MachineLearning/A1/.npm-cache/_logs/2026-02-11T00_01_00_684Z-debug-0.log
27 timing npm:load:logFile Completed in 13ms
28 timing npm:load:timers Completed in 0ms
29 timing npm:load:configScope Completed in 0ms
30 timing npm:load Completed in 48ms
31 silly logfile done cleaning log files
32 timing arborist:ctor Completed in 0ms
33 http fetch GET 200 https://registry.npmjs.org/create-vite 436ms (cache miss)
34 timing arborist:ctor Completed in 0ms
35 http fetch GET 200 https://registry.npmjs.org/npm 618ms (cache miss)
